<?xml version="1.0" encoding="UTF-8"?>
<testng-results skipped="0" failed="0" total="2" passed="2">
	<reporter-output>
	</reporter-output>
	<suite name="Default suite" duration-ms="12695" started-at="2013-11-14T23:30:20Z"
		finished-at="2013-11-14T23:30:33Z">
		<groups>
		</groups>
		<test name="Default test" duration-ms="12695" started-at="2013-11-14T23:30:20Z"
			finished-at="2013-11-14T23:30:33Z">
			<class name="com.gravitant.tests.TC_001_LoginLogoutTest">
				<test-method status="PASS"
					signature="setUp()[pri:0, instance:com.gravitant.tests.TC_001_LoginLogoutTest@52621f0c]"
					name="setUp" is-config="true" duration-ms="9805" started-at="2013-11-14T17:30:20Z"
					finished-at="2013-11-14T17:30:30Z">
					<reporter-output>
					</reporter-output>
				</test-method> <!-- setUp -->
				<test-method status="PASS"
					signature="testLandingPage()[pri:0, instance:com.gravitant.tests.TC_001_LoginLogoutTest@52621f0c]"
					name="testLandingPage" duration-ms="1108" started-at="2013-11-14T17:30:30Z"
					finished-at="2013-11-14T17:30:31Z">
					<reporter-output>
					</reporter-output>
				</test-method> <!-- testLandingPage -->
				<test-method status="PASS"
					signature="testLoginPage()[pri:0, instance:com.gravitant.tests.TC_001_LoginLogoutTest@52621f0c]"
					name="testLoginPage" duration-ms="1467" started-at="2013-11-14T17:30:31Z"
					finished-at="2013-11-14T17:30:33Z">
					<reporter-output>
					</reporter-output>
				</test-method> <!-- testLoginPage -->
				<test-method status="PASS"
					signature="tearDown()[pri:0, instance:com.gravitant.tests.TC_001_LoginLogoutTest@52621f0c]"
					name="tearDown" is-config="true" duration-ms="296" started-at="2013-11-14T17:30:33Z"
					finished-at="2013-11-14T17:30:33Z">
					<reporter-output>
					</reporter-output>
				</test-method> <!-- tearDown -->
			</class> <!-- com.gravitant.tests.TC_001_LoginLogoutTest -->
		</test> <!-- Default test -->
	</suite> <!-- Default suite -->
</testng-results>
